<?xml version="1.0" encoding="UTF-8"?>
<testsuite xmlns:xsi="http://www.w3.org/2001/XMLSchema-instance" xsi:noNamespaceSchemaLocation="https://maven.apache.org/surefire/maven-surefire-plugin/xsd/surefire-test-report.xsd" name="com.nanjolono.test.TestApplicationTests" time="4.878" tests="2" errors="0" skipped="0" failures="0">
  <properties>
[...]
</properties>
  <testcase name="WeContext" classname="com.nanjolono.test.TestApplicationTests" time="0.27"/>
  <testcase name="contextLoads" classname="com.nanjolono.test.TestApplicationTests" time="0.004"/>
</testsuite>